<?xml version="1.0" encoding="UTF-8"?>
<testng-results skipped="0" failed="0" ignored="0" total="0" passed="0">
  <reporter-output>
  </reporter-output>
  <suite name="Suite" duration-ms="6547" started-at="2020-07-15T12:44:53Z" finished-at="2020-07-15T12:44:59Z">
    <groups>
    </groups>
    <test name="Test" duration-ms="6547" started-at="2020-07-15T12:44:53Z" finished-at="2020-07-15T12:44:59Z">
      <class name="Appium_Test.Amazon">
        <test-method status="PASS" signature="capabilities()[pri:0, instance:Appium_Test.Amazon@1f3f4916]" name="capabilities" is-config="true" duration-ms="6542" started-at="2020-07-15T12:44:53Z" finished-at="2020-07-15T12:44:59Z">
          <reporter-output>
          </reporter-output>
        </test-method> <!-- capabilities -->
      </class> <!-- Appium_Test.Amazon -->
    </test> <!-- Test -->
  </suite> <!-- Suite -->
</testng-results>
